<?xml version="1.0" encoding="UTF-8"?>
<coverage generated="1788771966354" clover="3.2.0">
  <project timestamp="1788771966354" name="All files">
    <metrics statements="30" coveredstatements="30" conditionals="18" coveredconditionals="18" methods="2" coveredmethods="2" elements="50" coveredelements="50" complexity="0" loc="30" ncloc="30" packages="1" files="1" classes="1"/>
    <file name="allerta-meteo.js" path="/home/conan2/ProgettiPersonali/RoboRevive/logica/allerta-meteo.js">
      <metrics statements="30" coveredstatements="30" conditionals="18" coveredconditionals="18" methods="2" coveredmethods="2"/>
      <line num="1" count="1" type="stmt"/>
      <line num="2" count="1" type="stmt"/>
      <line num="3" count="1" type="stmt"/>
      <line num="4" count="1" type="stmt"/>
      <line num="7" count="5" type="stmt"/>
      <line num="8" count="5" type="stmt"/>
      <line num="9" count="8" type="stmt"/>
      <line num="10" count="8" type="cond" truecount="2" falsecount="0"/>
      <line num="11" count="7" type="stmt"/>
      <line num="13" count="1" type="stmt"/>
      <line num="16" count="5" type="stmt"/>
      <line num="20" count="5" type="cond" truecount="2" falsecount="0"/>
      <line num="21" count="5" type="cond" truecount="2" falsecount="0"/>
      <line num="22" count="5" type="cond" truecount="2" falsecount="0"/>
      <line num="23" count="5" type="cond" truecount="2" falsecount="0"/>
      <line num="25" count="5" type="stmt"/>
      <line num="27" count="5" type="stmt"/>
      <line num="28" count="5" type="stmt"/>
      <line num="29" count="5" type="stmt"/>
      <line num="31" count="5" type="stmt"/>
      <line num="32" count="5" type="stmt"/>
      <line num="34" count="5" type="stmt"/>
      <line num="35" count="6" type="cond" truecount="2" falsecount="0"/>
      <line num="36" count="1" type="stmt"/>
      <line num="37" count="1" type="stmt"/>
      <line num="39" count="6" type="cond" truecount="4" falsecount="0"/>
      <line num="40" count="1" type="stmt"/>
      <line num="41" count="1" type="stmt"/>
      <line num="45" count="5" type="stmt"/>
      <line num="54" count="1" type="stmt"/>
    </file>
  </project>
</coverage>
