{"/home/conan2/ProgettiPersonali/RoboRevive/logica/allerta-meteo.js": {"path":"/home/conan2/ProgettiPersonali/RoboRevive/logica/allerta-meteo.js","statementMap":{"0":{"start":{"line":1,"column":26},"end":{"line":1,"column":29}},"1":{"start":{"line":2,"column":17},"end":{"line":2,"column":18}},"2":{"start":{"line":3,"column":17},"end":{"line":3,"column":19}},"3":{"start":{"line":4,"column":27},"end":{"line":4,"column":29}},"4":{"start":{"line":7,"column":24},"end":{"line":7,"column":25}},"5":{"start":{"line":8,"column":4},"end":{"line":15,"column":5}},"6":{"start":{"line":8,"column":17},"end":{"line":8,"column":18}},"7":{"start":{"line":9,"column":25},"end":{"line":9,"column":43}},"8":{"start":{"line":10,"column":8},"end":{"line":14,"column":9}},"9":{"start":{"line":11,"column":12},"end":{"line":11,"column":30}},"10":{"start":{"line":13,"column":12},"end":{"line":13,"column":18}},"11":{"start":{"line":16,"column":4},"end":{"line":16,"column":25}},"12":{"start":{"line":20,"column":26},"end":{"line":20,"column":68}},"13":{"start":{"line":21,"column":20},"end":{"line":21,"column":47}},"14":{"start":{"line":22,"column":20},"end":{"line":22,"column":47}},"15":{"start":{"line":23,"column":29},"end":{"line":23,"column":75}},"16":{"start":{"line":25,"column":26},"end":{"line":25,"column":59}},"17":{"start":{"line":27,"column":26},"end":{"line":27,"column":86}},"18":{"start":{"line":28,"column":25},"end":{"line":28,"column":91}},"19":{"start":{"line":29,"column":28},"end":{"line":29,"column":90}},"20":{"start":{"line":31,"column":24},"end":{"line":31,"column":29}},"21":{"start":{"line":32,"column":19},"end":{"line":32,"column":21}},"22":{"start":{"line":34,"column":4},"end":{"line":43,"column":5}},"23":{"start":{"line":34,"column":17},"end":{"line":34,"column":18}},"24":{"start":{"line":35,"column":8},"end":{"line":38,"column":9}},"25":{"start":{"line":36,"column":12},"end":{"line":36,"column":33}},"26":{"start":{"line":37,"column":12},"end":{"line":37,"column":94}},"27":{"start":{"line":39,"column":8},"end":{"line":42,"column":9}},"28":{"start":{"line":40,"column":12},"end":{"line":40,"column":33}},"29":{"start":{"line":41,"column":12},"end":{"line":41,"column":98}},"30":{"start":{"line":45,"column":4},"end":{"line":51,"column":6}},"31":{"start":{"line":54,"column":0},"end":{"line":54,"column":58}}},"fnMap":{"0":{"name":"trovaIndiceAttuale","decl":{"start":{"line":6,"column":9},"end":{"line":6,"column":27}},"loc":{"start":{"line":6,"column":43},"end":{"line":17,"column":1}},"line":6},"1":{"name":"valutaCondizioni","decl":{"start":{"line":19,"column":9},"end":{"line":19,"column":25}},"loc":{"start":{"line":19,"column":90},"end":{"line":52,"column":1}},"line":19}},"branchMap":{"0":{"loc":{"start":{"line":10,"column":8},"end":{"line":14,"column":9}},"type":"if","locations":[{"start":{"line":10,"column":8},"end":{"line":14,"column":9}},{"start":{"line":12,"column":15},"end":{"line":14,"column":9}}],"line":10},"1":{"loc":{"start":{"line":19,"column":55},"end":{"line":19,"column":74}},"type":"default-arg","locations":[{"start":{"line":19,"column":64},"end":{"line":19,"column":74}}],"line":19},"2":{"loc":{"start":{"line":19,"column":76},"end":{"line":19,"column":88}},"type":"default-arg","locations":[{"start":{"line":19,"column":86},"end":{"line":19,"column":88}}],"line":19},"3":{"loc":{"start":{"line":20,"column":26},"end":{"line":20,"column":68}},"type":"binary-expr","locations":[{"start":{"line":20,"column":26},"end":{"line":20,"column":47}},{"start":{"line":20,"column":51},"end":{"line":20,"column":68}}],"line":20},"4":{"loc":{"start":{"line":21,"column":20},"end":{"line":21,"column":47}},"type":"binary-expr","locations":[{"start":{"line":21,"column":20},"end":{"line":21,"column":35}},{"start":{"line":21,"column":39},"end":{"line":21,"column":47}}],"line":21},"5":{"loc":{"start":{"line":22,"column":20},"end":{"line":22,"column":47}},"type":"binary-expr","locations":[{"start":{"line":22,"column":20},"end":{"line":22,"column":35}},{"start":{"line":22,"column":39},"end":{"line":22,"column":47}}],"line":22},"6":{"loc":{"start":{"line":23,"column":29},"end":{"line":23,"column":75}},"type":"binary-expr","locations":[{"start":{"line":23,"column":29},"end":{"line":23,"column":53}},{"start":{"line":23,"column":57},"end":{"line":23,"column":75}}],"line":23},"7":{"loc":{"start":{"line":35,"column":8},"end":{"line":38,"column":9}},"type":"if","locations":[{"start":{"line":35,"column":8},"end":{"line":38,"column":9}},{"start":{},"end":{}}],"line":35},"8":{"loc":{"start":{"line":39,"column":8},"end":{"line":42,"column":9}},"type":"if","locations":[{"start":{"line":39,"column":8},"end":{"line":42,"column":9}},{"start":{},"end":{}}],"line":39},"9":{"loc":{"start":{"line":39,"column":12},"end":{"line":39,"column":66}},"type":"binary-expr","locations":[{"start":{"line":39,"column":12},"end":{"line":39,"column":37}},{"start":{"line":39,"column":41},"end":{"line":39,"column":66}}],"line":39}},"s":{"0":1,"1":1,"2":1,"3":1,"4":5,"5":5,"6":5,"7":8,"8":8,"9":7,"10":1,"11":5,"12":5,"13":5,"14":5,"15":5,"16":5,"17":5,"18":5,"19":5,"20":5,"21":5,"22":5,"23":5,"24":6,"25":1,"26":1,"27":6,"28":1,"29":1,"30":5,"31":1},"f":{"0":5,"1":5},"b":{"0":[7,1],"1":[1],"2":[5],"3":[5,5],"4":[5,5],"5":[5,5],"6":[5,5],"7":[1,5],"8":[1,5],"9":[6,5]},"_coverageSchema":"1a1c01bbd47fc00a2c39e90264f33305004495a9","hash":"06d3f2334a73925f411e12b82371c764731b8024"}
}
