TN:
SF:allerta-meteo.js
FN:6,trovaIndiceAttuale
FN:19,valutaCondizioni
FNF:2
FNH:2
FNDA:5,trovaIndiceAttuale
FNDA:5,valutaCondizioni
DA:1,1
DA:2,1
DA:3,1
DA:4,1
DA:7,5
DA:8,5
DA:9,8
DA:10,8
DA:11,7
DA:13,1
DA:16,5
DA:20,5
DA:21,5
DA:22,5
DA:23,5
DA:25,5
DA:27,5
DA:28,5
DA:29,5
DA:31,5
DA:32,5
DA:34,5
DA:35,6
DA:36,1
DA:37,1
DA:39,6
DA:40,1
DA:41,1
DA:45,5
DA:54,1
LF:30
LH:30
BRDA:10,0,0,7
BRDA:10,0,1,1
BRDA:19,1,0,1
BRDA:19,2,0,5
BRDA:20,3,0,5
BRDA:20,3,1,5
BRDA:21,4,0,5
BRDA:21,4,1,5
BRDA:22,5,0,5
BRDA:22,5,1,5
BRDA:23,6,0,5
BRDA:23,6,1,5
BRDA:35,7,0,1
BRDA:35,7,1,5
BRDA:39,8,0,1
BRDA:39,8,1,5
BRDA:39,9,0,6
BRDA:39,9,1,5
BRF:18
BRH:18
end_of_record
